0 info it worked if it ends with ok
1 verbose cli [ '/usr/local/bin/node',
1 verbose cli   '/usr/local/bin/npm',
1 verbose cli   'uninstall',
1 verbose cli   'grunt-contrib-concat' ]
2 info using npm@1.4.28
3 info using node@v0.10.36
4 verbose node_modules/grunt-contrib-concat unbuild
5 info preuninstall grunt-contrib-concat@0.5.1
6 info uninstall grunt-contrib-concat@0.5.1
7 verbose true,/home/hoenir/Work/Web/EDeC/node_modules,/home/hoenir/Work/Web/EDeC/node_modules unbuild grunt-contrib-concat@0.5.1
8 info postuninstall grunt-contrib-concat@0.5.1
9 error Error: EACCES, unlink '/home/hoenir/Work/Web/EDeC/node_modules/grunt-contrib-concat/node_modules/chalk/node_modules/.bin/has-ansi'
9 error  { [Error: EACCES, unlink '/home/hoenir/Work/Web/EDeC/node_modules/grunt-contrib-concat/node_modules/chalk/node_modules/.bin/has-ansi']
9 error   errno: 3,
9 error   code: 'EACCES',
9 error   path: '/home/hoenir/Work/Web/EDeC/node_modules/grunt-contrib-concat/node_modules/chalk/node_modules/.bin/has-ansi' }
10 error Please try running this command again as root/Administrator.
11 error System Linux 3.13.0-45-generic
12 error command "/usr/local/bin/node" "/usr/local/bin/npm" "uninstall" "grunt-contrib-concat"
13 error cwd /home/hoenir/Work/Web/EDeC
14 error node -v v0.10.36
15 error npm -v 1.4.28
16 error path /home/hoenir/Work/Web/EDeC/node_modules/grunt-contrib-concat/node_modules/chalk/node_modules/.bin/has-ansi
17 error code EACCES
18 error errno 3
19 error stack Error: EACCES, unlink '/home/hoenir/Work/Web/EDeC/node_modules/grunt-contrib-concat/node_modules/chalk/node_modules/.bin/has-ansi'
20 verbose exit [ 3, true ]
